D, [2018-02-04T15:52:06.686425 #4188] DEBUG -- :   [1m[35m (2.0ms)[0m  [1m[34mSELECT COUNT(`word_phrase_relations`.`id`) FROM `word_phrase_relations` WHERE `word_phrase_relations`.`srt_phrase_id` = 395668 AND `word_phrase_relations`.`showed` = 1[0m
D, [2018-02-04T15:52:06.688425 #4188] DEBUG -- :   [1m[36mSNEnglish::WordPhraseRelation Load (0.5ms)[0m  [1m[34mSELECT  `word_phrase_relations`.* FROM `word_phrase_relations` WHERE `word_phrase_relations`.`srt_phrase_id` = 395668 AND (showed is null or showed = false) ORDER BY `word_phrase_relations`.`id` ASC LIMIT 1000[0m
D, [2018-02-04T15:52:06.691426 #4188] DEBUG -- :   [1m[35m (2.0ms)[0m  [1m[31mROLLBACK[0m
D, [2018-02-04T15:53:38.500823 #2904] DEBUG -- :   [1m[35m (2.0ms)[0m  [1m[34mSELECT COUNT(`word_phrase_relations`.`id`) FROM `word_phrase_relations` WHERE `word_phrase_relations`.`srt_phrase_id` = 398433 AND `word_phrase_relations`.`showed` = 1[0m
D, [2018-02-04T15:53:38.502822 #2904] DEBUG -- :   [1m[36mSNEnglish::WordPhraseRelation Load (0.5ms)[0m  [1m[34mSELECT  `word_phrase_relations`.* FROM `word_phrase_relations` WHERE `word_phrase_relations`.`srt_phrase_id` = 398433 AND (showed is null or showed = false) ORDER BY `word_phrase_relations`.`id` ASC LIMIT 1000[0m
D, [2018-02-04T15:53:38.505823 #2904] DEBUG -- :   [1m[36mSNEnglish::EnglishWord Load (0.5ms)[0m  [1m[34mSELECT  `english_words`.* FROM `english_words` WHERE `english_words`.`id` = 167588 LIMIT 1[0m
D, [2018-02-04T15:53:38.513324 #2904] DEBUG -- :   [1m[36mSNEnglish::ShownPhrase Load (1.5ms)[0m  [1m[34mSELECT  `shown_phrases`.* FROM `shown_phrases` WHERE `shown_phrases`.`english_word_id` = 167588 LIMIT 1[0m
D, [2018-02-04T15:53:38.516326 #2904] DEBUG -- :   [1m[35m (2.0ms)[0m  [1m[31mROLLBACK[0m
D, [2018-02-04T15:58:42.203648 #2740] DEBUG -- :   [1m[35m (2.0ms)[0m  [1m[34mSELECT COUNT(`word_phrase_relations`.`id`) FROM `word_phrase_relations` WHERE `word_phrase_relations`.`srt_phrase_id` = 401198 AND `word_phrase_relations`.`showed` = 1[0m
D, [2018-02-04T15:58:42.205649 #2740] DEBUG -- :   [1m[36mSNEnglish::WordPhraseRelation Load (1.0ms)[0m  [1m[34mSELECT  `word_phrase_relations`.* FROM `word_phrase_relations` WHERE `word_phrase_relations`.`srt_phrase_id` = 401198 AND (showed is null or showed = false) ORDER BY `word_phrase_relations`.`id` ASC LIMIT 1000[0m
D, [2018-02-04T15:58:42.209149 #2740] DEBUG -- :   [1m[36mSNEnglish::EnglishWord Load (0.5ms)[0m  [1m[34mSELECT  `english_words`.* FROM `english_words` WHERE `english_words`.`id` = 168743 LIMIT 1[0m
D, [2018-02-04T15:58:42.216151 #2740] DEBUG -- :   [1m[36mSNEnglish::ShownPhrase Load (1.0ms)[0m  [1m[34mSELECT  `shown_phrases`.* FROM `shown_phrases` WHERE `shown_phrases`.`english_word_id` = 168743 LIMIT 1[0m
D, [2018-02-04T15:58:42.218650 #2740] DEBUG -- :   [1m[35m (2.5ms)[0m  [1m[31mROLLBACK[0m
D, [2018-02-04T15:59:39.221885 #15744] DEBUG -- :   [1m[35m (2.5ms)[0m  [1m[34mSELECT COUNT(`word_phrase_relations`.`id`) FROM `word_phrase_relations` WHERE `word_phrase_relations`.`srt_phrase_id` = 403963 AND `word_phrase_relations`.`showed` = 1[0m
D, [2018-02-04T15:59:39.224386 #15744] DEBUG -- :   [1m[36mSNEnglish::WordPhraseRelation Load (0.5ms)[0m  [1m[34mSELECT  `word_phrase_relations`.* FROM `word_phrase_relations` WHERE `word_phrase_relations`.`srt_phrase_id` = 403963 AND (showed is null or showed = false) ORDER BY `word_phrase_relations`.`id` ASC LIMIT 1000[0m
D, [2018-02-04T15:59:39.228385 #15744] DEBUG -- :   [1m[36mSNEnglish::EnglishWord Load (0.5ms)[0m  [1m[34mSELECT  `english_words`.* FROM `english_words` WHERE `english_words`.`id` = 169898 LIMIT 1[0m
D, [2018-02-04T15:59:39.235386 #15744] DEBUG -- :   [1m[36mSNEnglish::ShownPhrase Load (1.0ms)[0m  [1m[34mSELECT  `shown_phrases`.* FROM `shown_phrases` WHERE `shown_phrases`.`english_word_id` = 169898 LIMIT 1[0m
D, [2018-02-04T15:59:39.238885 #15744] DEBUG -- :   [1m[35mSQL (0.5ms)[0m  [1m[33mUPDATE `word_phrase_relations` SET `showed` = 1, `updated_at` = '2018-02-04 12:59:39' WHERE `word_phrase_relations`.`id` = 16138[0m
D, [2018-02-04T16:00:25.406834 #18908] DEBUG -- :   [1m[35m (2.5ms)[0m  [1m[34mSELECT COUNT(`word_phrase_relations`.`id`) FROM `word_phrase_relations` WHERE `word_phrase_relations`.`srt_phrase_id` = 406728 AND `word_phrase_relations`.`showed` = 1[0m
D, [2018-02-04T16:00:25.408834 #18908] DEBUG -- :   [1m[36mSNEnglish::WordPhraseRelation Load (0.5ms)[0m  [1m[34mSELECT  `word_phrase_relations`.* FROM `word_phrase_relations` WHERE `word_phrase_relations`.`srt_phrase_id` = 406728 AND (showed is null or showed = false) ORDER BY `word_phrase_relations`.`id` ASC LIMIT 1000[0m
D, [2018-02-04T16:00:25.412835 #18908] DEBUG -- :   [1m[36mSNEnglish::EnglishWord Load (0.5ms)[0m  [1m[34mSELECT  `english_words`.* FROM `english_words` WHERE `english_words`.`id` = 171053 LIMIT 1[0m
D, [2018-02-04T16:00:25.418836 #18908] DEBUG -- :   [1m[36mSNEnglish::ShownPhrase Load (1.0ms)[0m  [1m[34mSELECT  `shown_phrases`.* FROM `shown_phrases` WHERE `shown_phrases`.`english_word_id` = 171053 LIMIT 1[0m
D, [2018-02-04T16:00:25.421836 #18908] DEBUG -- :   [1m[35mSQL (0.5ms)[0m  [1m[33mUPDATE `word_phrase_relations` SET `showed` = 1, `updated_at` = '2018-02-04 13:00:25' WHERE `word_phrase_relations`.`id` = 16277[0m
D, [2018-02-04T16:03:31.798525 #16464] DEBUG -- :   [1m[35m (2.0ms)[0m  [1m[34mSELECT COUNT(`word_phrase_relations`.`id`) FROM `word_phrase_relations` WHERE `word_phrase_relations`.`srt_phrase_id` = 409493 AND `word_phrase_relations`.`showed` = 1[0m
D, [2018-02-04T16:03:31.800526 #16464] DEBUG -- :   [1m[36mSNEnglish::WordPhraseRelation Load (0.5ms)[0m  [1m[34mSELECT  `word_phrase_relations`.* FROM `word_phrase_relations` WHERE `word_phrase_relations`.`srt_phrase_id` = 409493 AND (showed is null or showed = false) ORDER BY `word_phrase_relations`.`id` ASC LIMIT 1000[0m
D, [2018-02-04T16:03:31.804528 #16464] DEBUG -- :   [1m[36mSNEnglish::EnglishWord Load (0.5ms)[0m  [1m[34mSELECT  `english_words`.* FROM `english_words` WHERE `english_words`.`id` = 172208 LIMIT 1[0m
D, [2018-02-04T16:03:31.810526 #16464] DEBUG -- :   [1m[36mSNEnglish::ShownPhrase Load (1.0ms)[0m  [1m[34mSELECT  `shown_phrases`.* FROM `shown_phrases` WHERE `shown_phrases`.`english_word_id` = 172208 LIMIT 1[0m
D, [2018-02-04T16:03:31.814028 #16464] DEBUG -- :   [1m[35mSQL (0.5ms)[0m  [1m[33mUPDATE `word_phrase_relations` SET `showed` = 1, `updated_at` = '2018-02-04 13:03:31' WHERE `word_phrase_relations`.`id` = 16416[0m
